2022-09-14 11:44:19,307  INFO - Application started. Press Ctrl+C to shut down.
2022-09-14 11:44:19,324  INFO - Application started. Press Ctrl+C to shut down.
2022-09-14 11:44:19,324  INFO - Hosting environment: Development
2022-09-14 11:44:19,324  INFO - Hosting environment: Development
2022-09-14 11:44:19,324  INFO - Content root path: C:\Users\2146075\OneDrive - Cognizant\Desktop\PensionRefProject-master\ProcessPensionService\ProcessPensionService
2022-09-14 11:44:19,325  INFO - Content root path: C:\Users\2146075\OneDrive - Cognizant\Desktop\PensionRefProject-master\ProcessPensionService\ProcessPensionService
2022-09-14 11:51:25,206  INFO - POST: /getPensionDetail for '111122223333'
2022-09-14 11:51:25,206  INFO - POST: /getPensionDetail for '111122223333'
2022-09-14 11:51:26,076  INFO - [HTTP Request] GET: api/pensionerDetail/getDetailByAadhar/111122223333
2022-09-14 11:51:26,076  INFO - [HTTP Request] GET: api/pensionerDetail/getDetailByAadhar/111122223333
2022-09-14 11:51:26,094  INFO - Start processing HTTP request GET https://localhost:44300/api/pensionerDetail/getDetailByAadhar/111122223333
2022-09-14 11:51:26,094  INFO - Start processing HTTP request GET https://localhost:44300/api/pensionerDetail/getDetailByAadhar/111122223333
2022-09-14 11:51:26,096  INFO - Sending HTTP request GET https://localhost:44300/api/pensionerDetail/getDetailByAadhar/111122223333
2022-09-14 11:51:26,096  INFO - Sending HTTP request GET https://localhost:44300/api/pensionerDetail/getDetailByAadhar/111122223333
2022-09-14 11:51:50,155  INFO - Received HTTP response headers after 24054.4828ms - 200
2022-09-14 11:51:50,155  INFO - Received HTTP response headers after 24054.4828ms - 200
2022-09-14 11:51:50,157  INFO - End processing HTTP request after 24072.3028ms - 200
2022-09-14 11:51:50,157  INFO - End processing HTTP request after 24072.3028ms - 200
2022-09-14 11:51:50,165  INFO - [HTTP Response] Status: OK
2022-09-14 11:51:50,165  INFO - [HTTP Response] Status: OK
2022-09-14 11:51:51,120  INFO - Details did not match for '111122223333'
2022-09-14 11:51:51,120  INFO - Details did not match for '111122223333'
2022-09-14 11:54:51,505  INFO - POST: /getPensionDetail for '111122223333'
2022-09-14 11:54:51,506  INFO - POST: /getPensionDetail for '111122223333'
2022-09-14 11:54:51,506  INFO - [HTTP Request] GET: api/pensionerDetail/getDetailByAadhar/111122223333
2022-09-14 11:54:51,506  INFO - [HTTP Request] GET: api/pensionerDetail/getDetailByAadhar/111122223333
2022-09-14 11:54:51,506  INFO - Start processing HTTP request GET https://localhost:44300/api/pensionerDetail/getDetailByAadhar/111122223333
2022-09-14 11:54:51,506  INFO - Start processing HTTP request GET https://localhost:44300/api/pensionerDetail/getDetailByAadhar/111122223333
2022-09-14 11:54:51,506  INFO - Sending HTTP request GET https://localhost:44300/api/pensionerDetail/getDetailByAadhar/111122223333
2022-09-14 11:54:51,506  INFO - Sending HTTP request GET https://localhost:44300/api/pensionerDetail/getDetailByAadhar/111122223333
